Using pre-set license
Built from '2020.3/staging' branch; Version is '2020.3.6f1 (338bb68529b2) revision 3378102'; Using compiler version '192528614'; Build Type 'Release'
OS: 'Windows 10 Home; OS build 19042.1052; Version 2009; 64bit' Language: 'en' Physical Memory: 3978 MB
BatchMode: 1, IsHumanControllingUs: 0, StartBugReporterOnCrash: 0, Is64bit: 1, IsPro: 0

 COMMAND LINE ARGUMENTS:
C:\Program Files\Unity\Hub\Editor\2020.3.6f1\Editor\Unity.exe
-adb2
-batchMode
-noUpm
-name
AssetImportWorker0
-projectPath
D:/Unity/Maze
-logFile
Logs/AssetImportWorker0.log
-srvPort
57108
Successfully changed project path to: D:/Unity/Maze
D:/Unity/Maze
Using Asset Import Pipeline V2.
Refreshing native plugins compatible for Editor in 231.83 ms, found 0 plugins.
Preloading 0 native plugins for Editor in 0.00 ms.
Initialize engine version: 2020.3.6f1 (338bb68529b2)
[Subsystems] Discovering subsystems at path C:/Program Files/Unity/Hub/Editor/2020.3.6f1/Editor/Data/Resources/UnitySubsystems
[Subsystems] Discovering subsystems at path D:/Unity/Maze/Assets
GfxDevice: creating device client; threaded=0
Direct3D:
    Version:  Direct3D 11.0 [level 11.0]
    Renderer: NVIDIA GeForce 940MX (ID=0x134d)
    Vendor:   
    VRAM:     2010 MB
    Driver:   27.21.14.5167
Initialize mono
Mono path[0] = 'C:/Program Files/Unity/Hub/Editor/2020.3.6f1/Editor/Data/Managed'
Mono path[1] = 'C:/Program Files/Unity/Hub/Editor/2020.3.6f1/Editor/Data/MonoBleedingEdge/lib/mono/unityjit'
Mono config path = 'C:/Program Files/Unity/Hub/Editor/2020.3.6f1/Editor/Data/MonoBleedingEdge/etc'
Using monoOptions --debugger-agent=transport=dt_socket,embedding=1,server=y,suspend=n,address=127.0.0.1:56572
Begin MonoManager ReloadAssembly
Registering precompiled unity dll's ...
Register platform support module: C:/Program Files/Unity/Hub/Editor/2020.3.6f1/Editor/Data/PlaybackEngines/WebGLSupport/UnityEditor.WebGL.Extensions.dll
Register platform support module: C:/Program Files/Unity/Hub/Editor/2020.3.6f1/Editor/Data/PlaybackEngines/WindowsStandaloneSupport/UnityEditor.WindowsStandalone.Extensions.dll
Registered in 0.012925 seconds.
Native extension for WindowsStandalone target not found
Native extension for WebGL target not found
Refreshing native plugins compatible for Editor in 188.91 ms, found 0 plugins.
Preloading 0 native plugins for Editor in 0.00 ms.
Mono: successfully reloaded assembly
- Completed reload, in  8.074 seconds
Platform modules already initialized, skipping
Registering precompiled user dll's ...
Registered in 0.009459 seconds.
Begin MonoManager ReloadAssembly
Native extension for WindowsStandalone target not found
Native extension for WebGL target not found
Refreshing native plugins compatible for Editor in 0.24 ms, found 0 plugins.
Preloading 0 native plugins for Editor in 0.00 ms.
Mono: successfully reloaded assembly
- Completed reload, in  1.260 seconds
Platform modules already initialized, skipping
========================================================================
Worker process is ready to serve import requests
Launched and connected shader compiler UnityShaderCompiler.exe after 0.12 seconds
Refreshing native plugins compatible for Editor in 0.36 ms, found 0 plugins.
Preloading 0 native plugins for Editor in 0.00 ms.
Unloading 1278 Unused Serialized files (Serialized files now loaded: 0)
System memory in use before: 82.5 MB.
System memory in use after: 82.5 MB.

Unloading 11 unused Assets to reduce memory usage. Loaded Objects now: 1746.
Total: 2.857900 ms (FindLiveObjects: 0.392600 ms CreateObjectMapping: 0.183000 ms MarkObjects: 2.182200 ms  DeleteObjects: 0.098500 ms)

AssetImportParameters requested are different than current active one (requested -> active):
  requireTextureImportCompression: false -> true
========================================================================
Received Import Request.
  path: Assets/Scripts/Rocket/Rocket.cs
  artifactKey: Guid(a4b3e51ba3fca6a4fa574101b7a187d0) Importer(815301076,1909f56bfc062723c751e8b465ee728b)
Start importing Assets/Scripts/Rocket/Rocket.cs using Guid(a4b3e51ba3fca6a4fa574101b7a187d0) Importer(815301076,1909f56bfc062723c751e8b465ee728b)  -> (artifact id: '89fd45011dd3b9b7def53a4748805785') in 0.069197 seconds
  Import took 0.115493 seconds .

========================================================================
Received Prepare
Registering precompiled user dll's ...
Registered in 0.001455 seconds.
Begin MonoManager ReloadAssembly
Native extension for WindowsStandalone target not found
Native extension for WebGL target not found
Refreshing native plugins compatible for Editor in 0.31 ms, found 0 plugins.
Preloading 0 native plugins for Editor in 0.00 ms.
Mono: successfully reloaded assembly
- Completed reload, in  1.165 seconds
Platform modules already initialized, skipping
Refreshing native plugins compatible for Editor in 0.30 ms, found 0 plugins.
Preloading 0 native plugins for Editor in 0.00 ms.
Unloading 1272 Unused Serialized files (Serialized files now loaded: 0)
System memory in use before: 82.6 MB.
System memory in use after: 82.7 MB.

Unloading 6 unused Assets to reduce memory usage. Loaded Objects now: 1750.
Total: 2.734200 ms (FindLiveObjects: 0.260900 ms CreateObjectMapping: 0.048800 ms MarkObjects: 2.333800 ms  DeleteObjects: 0.086900 ms)

AssetImportParameters requested are different than current active one (requested -> active):
  requireTextureImportCompression: false -> true
========================================================================
Received Prepare
Registering precompiled user dll's ...
Registered in 0.000927 seconds.
Begin MonoManager ReloadAssembly
Native extension for WindowsStandalone target not found
Native extension for WebGL target not found
Refreshing native plugins compatible for Editor in 0.29 ms, found 0 plugins.
Preloading 0 native plugins for Editor in 0.00 ms.
Mono: successfully reloaded assembly
- Completed reload, in  0.931 seconds
Platform modules already initialized, skipping
Refreshing native plugins compatible for Editor in 0.31 ms, found 0 plugins.
Preloading 0 native plugins for Editor in 0.00 ms.
Unloading 1271 Unused Serialized files (Serialized files now loaded: 0)
System memory in use before: 82.6 MB.
System memory in use after: 82.7 MB.

Unloading 6 unused Assets to reduce memory usage. Loaded Objects now: 1753.
Total: 2.533500 ms (FindLiveObjects: 0.257000 ms CreateObjectMapping: 0.062700 ms MarkObjects: 2.130500 ms  DeleteObjects: 0.080100 ms)

AssetImportParameters requested are different than current active one (requested -> active):
  requireTextureImportCompression: false -> true
========================================================================
Received Prepare
Registering precompiled user dll's ...
Registered in 0.000905 seconds.
Begin MonoManager ReloadAssembly
Native extension for WindowsStandalone target not found
Native extension for WebGL target not found
Refreshing native plugins compatible for Editor in 0.37 ms, found 0 plugins.
Preloading 0 native plugins for Editor in 0.00 ms.
Mono: successfully reloaded assembly
- Completed reload, in  0.936 seconds
Platform modules already initialized, skipping
Refreshing native plugins compatible for Editor in 0.66 ms, found 0 plugins.
Preloading 0 native plugins for Editor in 0.00 ms.
Unloading 1271 Unused Serialized files (Serialized files now loaded: 0)
System memory in use before: 82.6 MB.
System memory in use after: 82.7 MB.

Unloading 6 unused Assets to reduce memory usage. Loaded Objects now: 1756.
Total: 2.053600 ms (FindLiveObjects: 0.306000 ms CreateObjectMapping: 0.075600 ms MarkObjects: 1.607100 ms  DeleteObjects: 0.062500 ms)

AssetImportParameters requested are different than current active one (requested -> active):
  requireTextureImportCompression: false -> true
========================================================================
Received Prepare
Registering precompiled user dll's ...
Registered in 0.000857 seconds.
Begin MonoManager ReloadAssembly
Native extension for WindowsStandalone target not found
Native extension for WebGL target not found
Refreshing native plugins compatible for Editor in 0.30 ms, found 0 plugins.
Preloading 0 native plugins for Editor in 0.00 ms.
Mono: successfully reloaded assembly
- Completed reload, in  0.915 seconds
Platform modules already initialized, skipping
Refreshing native plugins compatible for Editor in 0.24 ms, found 0 plugins.
Preloading 0 native plugins for Editor in 0.00 ms.
Unloading 1271 Unused Serialized files (Serialized files now loaded: 0)
System memory in use before: 82.6 MB.
System memory in use after: 82.7 MB.

Unloading 6 unused Assets to reduce memory usage. Loaded Objects now: 1759.
Total: 3.358700 ms (FindLiveObjects: 0.374300 ms CreateObjectMapping: 0.068900 ms MarkObjects: 2.846100 ms  DeleteObjects: 0.066600 ms)

AssetImportParameters requested are different than current active one (requested -> active):
  requireTextureImportCompression: false -> true
========================================================================
Received Prepare
Registering precompiled user dll's ...
Registered in 0.001020 seconds.
Begin MonoManager ReloadAssembly
Native extension for WindowsStandalone target not found
Native extension for WebGL target not found
Refreshing native plugins compatible for Editor in 0.34 ms, found 0 plugins.
Preloading 0 native plugins for Editor in 0.00 ms.
Mono: successfully reloaded assembly
- Completed reload, in  1.421 seconds
Platform modules already initialized, skipping
Refreshing native plugins compatible for Editor in 0.37 ms, found 0 plugins.
Preloading 0 native plugins for Editor in 0.00 ms.
Unloading 1271 Unused Serialized files (Serialized files now loaded: 0)
System memory in use before: 82.6 MB.
System memory in use after: 82.7 MB.

Unloading 6 unused Assets to reduce memory usage. Loaded Objects now: 1762.
Total: 2.986600 ms (FindLiveObjects: 0.205500 ms CreateObjectMapping: 0.063000 ms MarkObjects: 2.580600 ms  DeleteObjects: 0.136100 ms)

AssetImportParameters requested are different than current active one (requested -> active):
  requireTextureImportCompression: false -> true
========================================================================
Received Prepare
Registering precompiled user dll's ...
Registered in 0.000886 seconds.
Begin MonoManager ReloadAssembly
Native extension for WindowsStandalone target not found
Native extension for WebGL target not found
Refreshing native plugins compatible for Editor in 0.30 ms, found 0 plugins.
Preloading 0 native plugins for Editor in 0.00 ms.
Mono: successfully reloaded assembly
- Completed reload, in  0.887 seconds
Platform modules already initialized, skipping
Refreshing native plugins compatible for Editor in 0.35 ms, found 0 plugins.
Preloading 0 native plugins for Editor in 0.00 ms.
Unloading 1271 Unused Serialized files (Serialized files now loaded: 0)
System memory in use before: 82.6 MB.
System memory in use after: 82.7 MB.

Unloading 6 unused Assets to reduce memory usage. Loaded Objects now: 1765.
Total: 2.445400 ms (FindLiveObjects: 0.228600 ms CreateObjectMapping: 0.063800 ms MarkObjects: 2.060200 ms  DeleteObjects: 0.090500 ms)

AssetImportParameters requested are different than current active one (requested -> active):
  requireTextureImportCompression: false -> true
========================================================================
Received Prepare
Registering precompiled user dll's ...
Registered in 0.000833 seconds.
Begin MonoManager ReloadAssembly
Native extension for WindowsStandalone target not found
Native extension for WebGL target not found
Refreshing native plugins compatible for Editor in 0.29 ms, found 0 plugins.
Preloading 0 native plugins for Editor in 0.00 ms.
Mono: successfully reloaded assembly
- Completed reload, in  0.907 seconds
Platform modules already initialized, skipping
Refreshing native plugins compatible for Editor in 0.26 ms, found 0 plugins.
Preloading 0 native plugins for Editor in 0.00 ms.
Unloading 1271 Unused Serialized files (Serialized files now loaded: 0)
System memory in use before: 82.6 MB.
System memory in use after: 82.7 MB.

Unloading 6 unused Assets to reduce memory usage. Loaded Objects now: 1768.
Total: 3.188600 ms (FindLiveObjects: 0.212800 ms CreateObjectMapping: 0.082800 ms MarkObjects: 2.808100 ms  DeleteObjects: 0.082800 ms)

AssetImportParameters requested are different than current active one (requested -> active):
  requireTextureImportCompression: false -> true
========================================================================
Received Prepare
Registering precompiled user dll's ...
Registered in 0.000950 seconds.
Begin MonoManager ReloadAssembly
Native extension for WindowsStandalone target not found
Native extension for WebGL target not found
Refreshing native plugins compatible for Editor in 0.31 ms, found 0 plugins.
Preloading 0 native plugins for Editor in 0.00 ms.
Mono: successfully reloaded assembly
- Completed reload, in  0.926 seconds
Platform modules already initialized, skipping
Refreshing native plugins compatible for Editor in 0.27 ms, found 0 plugins.
Preloading 0 native plugins for Editor in 0.00 ms.
Unloading 1271 Unused Serialized files (Serialized files now loaded: 0)
System memory in use before: 82.7 MB.
System memory in use after: 82.7 MB.

Unloading 6 unused Assets to reduce memory usage. Loaded Objects now: 1771.
Total: 2.571900 ms (FindLiveObjects: 0.328000 ms CreateObjectMapping: 0.088800 ms MarkObjects: 2.081800 ms  DeleteObjects: 0.071200 ms)

AssetImportParameters requested are different than current active one (requested -> active):
  requireTextureImportCompression: false -> true
========================================================================
Received Prepare
Registering precompiled user dll's ...
Registered in 0.000912 seconds.
Begin MonoManager ReloadAssembly
Native extension for WindowsStandalone target not found
Native extension for WebGL target not found
Refreshing native plugins compatible for Editor in 0.28 ms, found 0 plugins.
Preloading 0 native plugins for Editor in 0.00 ms.
Mono: successfully reloaded assembly
- Completed reload, in  0.864 seconds
Platform modules already initialized, skipping
Refreshing native plugins compatible for Editor in 0.28 ms, found 0 plugins.
Preloading 0 native plugins for Editor in 0.00 ms.
Unloading 1271 Unused Serialized files (Serialized files now loaded: 0)
System memory in use before: 82.7 MB.
System memory in use after: 82.7 MB.

Unloading 6 unused Assets to reduce memory usage. Loaded Objects now: 1774.
Total: 2.148200 ms (FindLiveObjects: 0.184200 ms CreateObjectMapping: 0.048500 ms MarkObjects: 1.830600 ms  DeleteObjects: 0.082500 ms)

AssetImportParameters requested are different than current active one (requested -> active):
  requireTextureImportCompression: false -> true
========================================================================
Received Prepare
Registering precompiled user dll's ...
Registered in 0.001231 seconds.
Begin MonoManager ReloadAssembly
Native extension for WindowsStandalone target not found
Native extension for WebGL target not found
Refreshing native plugins compatible for Editor in 0.33 ms, found 0 plugins.
Preloading 0 native plugins for Editor in 0.00 ms.
Mono: successfully reloaded assembly
- Completed reload, in  0.965 seconds
Platform modules already initialized, skipping
Refreshing native plugins compatible for Editor in 0.27 ms, found 0 plugins.
Preloading 0 native plugins for Editor in 0.00 ms.
Unloading 1271 Unused Serialized files (Serialized files now loaded: 0)
System memory in use before: 82.7 MB.
System memory in use after: 82.7 MB.

Unloading 6 unused Assets to reduce memory usage. Loaded Objects now: 1777.
Total: 2.501400 ms (FindLiveObjects: 0.294300 ms CreateObjectMapping: 0.077900 ms MarkObjects: 2.057800 ms  DeleteObjects: 0.069300 ms)

AssetImportParameters requested are different than current active one (requested -> active):
  requireTextureImportCompression: false -> true
========================================================================
Received Prepare
Registering precompiled user dll's ...
Registered in 0.002925 seconds.
Begin MonoManager ReloadAssembly
Native extension for WindowsStandalone target not found
Native extension for WebGL target not found
Refreshing native plugins compatible for Editor in 0.27 ms, found 0 plugins.
Preloading 0 native plugins for Editor in 0.00 ms.
Mono: successfully reloaded assembly
- Completed reload, in  0.926 seconds
Platform modules already initialized, skipping
Refreshing native plugins compatible for Editor in 0.27 ms, found 0 plugins.
Preloading 0 native plugins for Editor in 0.00 ms.
Unloading 1271 Unused Serialized files (Serialized files now loaded: 0)
System memory in use before: 82.7 MB.
System memory in use after: 82.7 MB.

Unloading 6 unused Assets to reduce memory usage. Loaded Objects now: 1780.
Total: 2.173300 ms (FindLiveObjects: 0.243700 ms CreateObjectMapping: 0.084600 ms MarkObjects: 1.775200 ms  DeleteObjects: 0.068300 ms)

AssetImportParameters requested are different than current active one (requested -> active):
  requireTextureImportCompression: false -> true
========================================================================
Received Prepare
Registering precompiled user dll's ...
Registered in 0.000790 seconds.
Begin MonoManager ReloadAssembly
Native extension for WindowsStandalone target not found
Native extension for WebGL target not found
Refreshing native plugins compatible for Editor in 0.32 ms, found 0 plugins.
Preloading 0 native plugins for Editor in 0.00 ms.
Mono: successfully reloaded assembly
- Completed reload, in  1.005 seconds
Platform modules already initialized, skipping
Refreshing native plugins compatible for Editor in 0.25 ms, found 0 plugins.
Preloading 0 native plugins for Editor in 0.00 ms.
Unloading 1271 Unused Serialized files (Serialized files now loaded: 0)
System memory in use before: 82.7 MB.
System memory in use after: 82.8 MB.

Unloading 6 unused Assets to reduce memory usage. Loaded Objects now: 1783.
Total: 2.545800 ms (FindLiveObjects: 0.300600 ms CreateObjectMapping: 0.090000 ms MarkObjects: 2.086300 ms  DeleteObjects: 0.066600 ms)

AssetImportParameters requested are different than current active one (requested -> active):
  requireTextureImportCompression: false -> true
========================================================================
Received Prepare
Registering precompiled user dll's ...
Registered in 0.001466 seconds.
Begin MonoManager ReloadAssembly
Native extension for WindowsStandalone target not found
Native extension for WebGL target not found
Refreshing native plugins compatible for Editor in 0.26 ms, found 0 plugins.
Preloading 0 native plugins for Editor in 0.00 ms.
Mono: successfully reloaded assembly
- Completed reload, in  0.947 seconds
Platform modules already initialized, skipping
Refreshing native plugins compatible for Editor in 0.31 ms, found 0 plugins.
Preloading 0 native plugins for Editor in 0.00 ms.
Unloading 1271 Unused Serialized files (Serialized files now loaded: 0)
System memory in use before: 82.7 MB.
System memory in use after: 82.7 MB.

Unloading 6 unused Assets to reduce memory usage. Loaded Objects now: 1786.
Total: 2.427600 ms (FindLiveObjects: 0.190400 ms CreateObjectMapping: 0.054700 ms MarkObjects: 2.105700 ms  DeleteObjects: 0.075100 ms)

AssetImportParameters requested are different than current active one (requested -> active):
  requireTextureImportCompression: false -> true
========================================================================
Received Prepare
Registering precompiled user dll's ...
Registered in 0.000910 seconds.
Begin MonoManager ReloadAssembly
Native extension for WindowsStandalone target not found
Native extension for WebGL target not found
Refreshing native plugins compatible for Editor in 0.33 ms, found 0 plugins.
Preloading 0 native plugins for Editor in 0.00 ms.
Mono: successfully reloaded assembly
- Completed reload, in  0.925 seconds
Platform modules already initialized, skipping
Refreshing native plugins compatible for Editor in 0.31 ms, found 0 plugins.
Preloading 0 native plugins for Editor in 0.00 ms.
Unloading 1271 Unused Serialized files (Serialized files now loaded: 0)
System memory in use before: 82.7 MB.
System memory in use after: 82.8 MB.

Unloading 6 unused Assets to reduce memory usage. Loaded Objects now: 1789.
Total: 2.793200 ms (FindLiveObjects: 0.383900 ms CreateObjectMapping: 0.071400 ms MarkObjects: 2.259400 ms  DeleteObjects: 0.076000 ms)

AssetImportParameters requested are different than current active one (requested -> active):
  requireTextureImportCompression: false -> true
========================================================================
Received Prepare
Registering precompiled user dll's ...
Registered in 0.001040 seconds.
Begin MonoManager ReloadAssembly
Native extension for WindowsStandalone target not found
Native extension for WebGL target not found
Refreshing native plugins compatible for Editor in 0.34 ms, found 0 plugins.
Preloading 0 native plugins for Editor in 0.00 ms.
Mono: successfully reloaded assembly
- Completed reload, in  0.908 seconds
Platform modules already initialized, skipping
Refreshing native plugins compatible for Editor in 0.32 ms, found 0 plugins.
Preloading 0 native plugins for Editor in 0.00 ms.
Unloading 1271 Unused Serialized files (Serialized files now loaded: 0)
System memory in use before: 82.7 MB.
System memory in use after: 82.8 MB.

Unloading 6 unused Assets to reduce memory usage. Loaded Objects now: 1792.
Total: 3.165500 ms (FindLiveObjects: 0.232100 ms CreateObjectMapping: 0.081400 ms MarkObjects: 2.768600 ms  DeleteObjects: 0.082300 ms)

AssetImportParameters requested are different than current active one (requested -> active):
  requireTextureImportCompression: false -> true
========================================================================
Received Prepare
Registering precompiled user dll's ...
Registered in 0.000826 seconds.
Begin MonoManager ReloadAssembly
Native extension for WindowsStandalone target not found
Native extension for WebGL target not found
Refreshing native plugins compatible for Editor in 0.27 ms, found 0 plugins.
Preloading 0 native plugins for Editor in 0.00 ms.
Mono: successfully reloaded assembly
- Completed reload, in  0.950 seconds
Platform modules already initialized, skipping
Refreshing native plugins compatible for Editor in 0.25 ms, found 0 plugins.
Preloading 0 native plugins for Editor in 0.00 ms.
Unloading 1271 Unused Serialized files (Serialized files now loaded: 0)
System memory in use before: 82.7 MB.
System memory in use after: 82.8 MB.

Unloading 6 unused Assets to reduce memory usage. Loaded Objects now: 1795.
Total: 2.428000 ms (FindLiveObjects: 0.201100 ms CreateObjectMapping: 0.060200 ms MarkObjects: 2.101400 ms  DeleteObjects: 0.063700 ms)

AssetImportParameters requested are different than current active one (requested -> active):
  requireTextureImportCompression: false -> true
========================================================================
Received Prepare
Registering precompiled user dll's ...
Registered in 0.000809 seconds.
Begin MonoManager ReloadAssembly
Native extension for WindowsStandalone target not found
Native extension for WebGL target not found
Refreshing native plugins compatible for Editor in 0.27 ms, found 0 plugins.
Preloading 0 native plugins for Editor in 0.00 ms.
Mono: successfully reloaded assembly
- Completed reload, in  0.958 seconds
Platform modules already initialized, skipping
Refreshing native plugins compatible for Editor in 0.38 ms, found 0 plugins.
Preloading 0 native plugins for Editor in 0.00 ms.
Unloading 1271 Unused Serialized files (Serialized files now loaded: 0)
System memory in use before: 82.7 MB.
System memory in use after: 82.8 MB.

Unloading 6 unused Assets to reduce memory usage. Loaded Objects now: 1798.
Total: 2.804700 ms (FindLiveObjects: 0.396400 ms CreateObjectMapping: 0.075300 ms MarkObjects: 2.250500 ms  DeleteObjects: 0.080500 ms)

AssetImportParameters requested are different than current active one (requested -> active):
  requireTextureImportCompression: false -> true
========================================================================
Received Prepare
Registering precompiled user dll's ...
Registered in 0.000793 seconds.
Begin MonoManager ReloadAssembly
Native extension for WindowsStandalone target not found
Native extension for WebGL target not found
Refreshing native plugins compatible for Editor in 0.29 ms, found 0 plugins.
Preloading 0 native plugins for Editor in 0.00 ms.
Mono: successfully reloaded assembly
- Completed reload, in  0.966 seconds
Platform modules already initialized, skipping
Refreshing native plugins compatible for Editor in 0.33 ms, found 0 plugins.
Preloading 0 native plugins for Editor in 0.00 ms.
Unloading 1271 Unused Serialized files (Serialized files now loaded: 0)
System memory in use before: 82.7 MB.
System memory in use after: 82.8 MB.

Unloading 6 unused Assets to reduce memory usage. Loaded Objects now: 1801.
Total: 2.548600 ms (FindLiveObjects: 0.289100 ms CreateObjectMapping: 0.081700 ms MarkObjects: 2.108400 ms  DeleteObjects: 0.068400 ms)

AssetImportParameters requested are different than current active one (requested -> active):
  requireTextureImportCompression: false -> true
========================================================================
Received Prepare
Registering precompiled user dll's ...
Registered in 0.013687 seconds.
Begin MonoManager ReloadAssembly
Native extension for WindowsStandalone target not found
Native extension for WebGL target not found
Refreshing native plugins compatible for Editor in 0.27 ms, found 0 plugins.
Preloading 0 native plugins for Editor in 0.00 ms.
Mono: successfully reloaded assembly
- Completed reload, in  1.073 seconds
Platform modules already initialized, skipping
Refreshing native plugins compatible for Editor in 0.33 ms, found 0 plugins.
Preloading 0 native plugins for Editor in 0.00 ms.
Unloading 1271 Unused Serialized files (Serialized files now loaded: 0)
System memory in use before: 82.7 MB.
System memory in use after: 82.8 MB.

Unloading 6 unused Assets to reduce memory usage. Loaded Objects now: 1804.
Total: 2.225600 ms (FindLiveObjects: 0.210600 ms CreateObjectMapping: 0.047400 ms MarkObjects: 1.894700 ms  DeleteObjects: 0.069400 ms)

AssetImportParameters requested are different than current active one (requested -> active):
  requireTextureImportCompression: false -> true
========================================================================
Received Import Request.
  Time since last request: 3656.497834 seconds.
  path: Assets/Scenes/RocketScene.unity
  artifactKey: Guid(14a64819a609ceb4295f6aeedc9e2535) Importer(815301076,1909f56bfc062723c751e8b465ee728b)
Start importing Assets/Scenes/RocketScene.unity using Guid(14a64819a609ceb4295f6aeedc9e2535) Importer(815301076,1909f56bfc062723c751e8b465ee728b)  -> (artifact id: '0651c7d8c35b2d994e513a7a184da2f5') in 0.129441 seconds
  Import took 0.153539 seconds .

========================================================================
Received Import Request.
  Time since last request: 3.084398 seconds.
  path: Assets/Scenes/ModelScene.unity
  artifactKey: Guid(91e0467c4982dce45aea3664c0508add) Importer(815301076,1909f56bfc062723c751e8b465ee728b)
Start importing Assets/Scenes/ModelScene.unity using Guid(91e0467c4982dce45aea3664c0508add) Importer(815301076,1909f56bfc062723c751e8b465ee728b)  -> (artifact id: '90ccee2974c1d0bb9f56732b611d22ba') in 0.097360 seconds
  Import took 0.099721 seconds .

========================================================================
Received Import Request.
  Time since last request: 3116.070950 seconds.
  path: Assets/FBX
  artifactKey: Guid(47c261977afee8a4bbb2b9c9b1d11815) Importer(815301076,1909f56bfc062723c751e8b465ee728b)
Start importing Assets/FBX using Guid(47c261977afee8a4bbb2b9c9b1d11815) Importer(815301076,1909f56bfc062723c751e8b465ee728b)  -> (artifact id: 'cd83a9cfd9ba9e14af4cd1968dfdc281') in 0.044165 seconds
  Import took 0.100074 seconds .

========================================================================
Received Import Request.
  Time since last request: 37.441645 seconds.
  path: Assets/FBX/poseidon.fbx
  artifactKey: Guid(dbc612e404204c1449107569e93247c6) Importer(815301076,1909f56bfc062723c751e8b465ee728b)
Start importing Assets/FBX/poseidon.fbx using Guid(dbc612e404204c1449107569e93247c6) Importer(815301076,1909f56bfc062723c751e8b465ee728b)  -> (artifact id: '852b391a107fd618d6db4a69f57d435e') in 0.600196 seconds
  Import took 0.610094 seconds .

========================================================================
Received Import Request.
  Time since last request: 73.197895 seconds.
  path: Assets/FBX/poseidon.fbx
  artifactKey: Guid(dbc612e404204c1449107569e93247c6) Importer(815301076,1909f56bfc062723c751e8b465ee728b)
Start importing Assets/FBX/poseidon.fbx using Guid(dbc612e404204c1449107569e93247c6) Importer(815301076,1909f56bfc062723c751e8b465ee728b)  -> (artifact id: '45849af5f58664ffe80fc302809dfe57') in 0.026812 seconds
  Import took 0.038180 seconds .

========================================================================
Received Import Request.
  Time since last request: 69.529736 seconds.
  path: Assets/Scenes/ModelScene.unity
  artifactKey: Guid(91e0467c4982dce45aea3664c0508add) Importer(815301076,1909f56bfc062723c751e8b465ee728b)
Start importing Assets/Scenes/ModelScene.unity using Guid(91e0467c4982dce45aea3664c0508add) Importer(815301076,1909f56bfc062723c751e8b465ee728b)  -> (artifact id: '628e54ff54f672179e3d73e635f8a4cd') in 0.003220 seconds
  Import took 0.030702 seconds .

========================================================================
Received Import Request.
  Time since last request: 1.833932 seconds.
  path: Assets/Scenes/SampleScene.unity
  artifactKey: Guid(9fc0d4010bbf28b4594072e72b8655ab) Importer(815301076,1909f56bfc062723c751e8b465ee728b)
Start importing Assets/Scenes/SampleScene.unity using Guid(9fc0d4010bbf28b4594072e72b8655ab) Importer(815301076,1909f56bfc062723c751e8b465ee728b)  -> (artifact id: 'c2566148f9b5fa9cf0d818f461224b1f') in 0.005094 seconds
  Import took 0.118973 seconds .

========================================================================
Received Import Request.
  Time since last request: 17.097615 seconds.
  path: Assets/Scenes/TresGodsScene.unity
  artifactKey: Guid(9fc0d4010bbf28b4594072e72b8655ab) Importer(815301076,1909f56bfc062723c751e8b465ee728b)
Start importing Assets/Scenes/TresGodsScene.unity using Guid(9fc0d4010bbf28b4594072e72b8655ab) Importer(815301076,1909f56bfc062723c751e8b465ee728b)  -> (artifact id: '2351a2fa29382ce27be097c490dbd6c8') in 0.020590 seconds
  Import took 0.023756 seconds .

========================================================================
Received Import Request.
  Time since last request: 1188.722374 seconds.
  path: Assets/Materials/RocketScene/Rocket.mat
  artifactKey: Guid(df223b94b712ff1499e3edbb678ba03a) Importer(815301076,1909f56bfc062723c751e8b465ee728b)
Start importing Assets/Materials/RocketScene/Rocket.mat using Guid(df223b94b712ff1499e3edbb678ba03a) Importer(815301076,1909f56bfc062723c751e8b465ee728b)  -> (artifact id: 'e991b0076d3dcf7aa76532dd963f7324') in 0.133982 seconds
  Import took 0.153423 seconds .

========================================================================
Received Import Request.
  Time since last request: 0.004084 seconds.
  path: Assets/Materials/RocketScene/Rocket.mat
  artifactKey: Guid(df223b94b712ff1499e3edbb678ba03a) Importer(815301076,1909f56bfc062723c751e8b465ee728b)
Start importing Assets/Materials/RocketScene/Rocket.mat using Guid(df223b94b712ff1499e3edbb678ba03a) Importer(815301076,1909f56bfc062723c751e8b465ee728b)  -> (artifact id: 'e991b0076d3dcf7aa76532dd963f7324') in 0.017775 seconds
  Import took 0.021605 seconds .

========================================================================
Received Import Request.
  Time since last request: 164.375752 seconds.
  path: Assets/Scripts/Scorer.cs
  artifactKey: Guid(3643b056e388e6847bd71acb49cd3d6b) Importer(815301076,1909f56bfc062723c751e8b465ee728b)
Start importing Assets/Scripts/Scorer.cs using Guid(3643b056e388e6847bd71acb49cd3d6b) Importer(815301076,1909f56bfc062723c751e8b465ee728b)  -> (artifact id: '24b17e7a9895d2362e7ccba1b39c1a0f') in 0.096313 seconds
  Import took 0.103496 seconds .

========================================================================
Received Import Request.
  Time since last request: 430.079058 seconds.
  path: Assets/Unity UI Samples/Prefabs/SF Button.prefab
  artifactKey: Guid(05a81c3d5091440058129444d28322f3) Importer(815301076,1909f56bfc062723c751e8b465ee728b)
Start importing Assets/Unity UI Samples/Prefabs/SF Button.prefab using Guid(05a81c3d5091440058129444d28322f3) Importer(815301076,1909f56bfc062723c751e8b465ee728b)  -> (artifact id: 'db70c3de604b98e9086cd3df25b0592d') in 0.470395 seconds
  Import took 0.474098 seconds .

========================================================================
Received Import Request.
  Time since last request: 0.000448 seconds.
  path: Assets/Unity UI Samples/Prefabs/Slider Lit.prefab
  artifactKey: Guid(1d49f63596dbd412fa2c32ef87fdf2f0) Importer(815301076,1909f56bfc062723c751e8b465ee728b)
Start importing Assets/Unity UI Samples/Prefabs/Slider Lit.prefab using Guid(1d49f63596dbd412fa2c32ef87fdf2f0) Importer(815301076,1909f56bfc062723c751e8b465ee728b)  -> (artifact id: '8e715636e0ae615f2c17ef0ca3bb8487') in 0.047841 seconds
  Import took 0.050105 seconds .

========================================================================
Received Import Request.
  Time since last request: 0.000498 seconds.
  path: Assets/Unity UI Samples/Prefabs/SF Toggle.prefab
  artifactKey: Guid(212619aea848509449704f41e4a1d3f2) Importer(815301076,1909f56bfc062723c751e8b465ee728b)
Start importing Assets/Unity UI Samples/Prefabs/SF Toggle.prefab using Guid(212619aea848509449704f41e4a1d3f2) Importer(815301076,1909f56bfc062723c751e8b465ee728b)  -> (artifact id: '844210f4896fa3269f94f8e26bd05dd1') in 0.040792 seconds
  Import took 0.051263 seconds .

========================================================================
Received Import Request.
  Time since last request: 0.000401 seconds.
  path: Assets/Unity UI Samples/Prefabs/SF Scene Elements.prefab
  artifactKey: Guid(7461a7b0cf97947fd9b9e4502fd2d07b) Importer(815301076,1909f56bfc062723c751e8b465ee728b)
Start importing Assets/Unity UI Samples/Prefabs/SF Scene Elements.prefab using Guid(7461a7b0cf97947fd9b9e4502fd2d07b) Importer(815301076,1909f56bfc062723c751e8b465ee728b)  -> (artifact id: '56b390ec2dcb8faf3d05f27d56b121db') in 0.167859 seconds
  Import took 0.192094 seconds .

========================================================================
Received Import Request.
  Time since last request: 0.000457 seconds.
  path: Assets/Unity UI Samples/Prefabs/SF Slider.prefab
  artifactKey: Guid(b6a1cf4e3eeaf9a4ca38bf8acb910a6d) Importer(815301076,1909f56bfc062723c751e8b465ee728b)
Start importing Assets/Unity UI Samples/Prefabs/SF Slider.prefab using Guid(b6a1cf4e3eeaf9a4ca38bf8acb910a6d) Importer(815301076,1909f56bfc062723c751e8b465ee728b)  -> (artifact id: '2fd126053203bee915f8968e2f6c6a74') in 0.005671 seconds
  Import took 0.009406 seconds .

========================================================================
Received Import Request.
  Time since last request: 0.000461 seconds.
  path: Assets/Unity UI Samples/Prefabs/SF Title.prefab
  artifactKey: Guid(a93c012dd9ef6454fa7d140e976926f7) Importer(815301076,1909f56bfc062723c751e8b465ee728b)
Start importing Assets/Unity UI Samples/Prefabs/SF Title.prefab using Guid(a93c012dd9ef6454fa7d140e976926f7) Importer(815301076,1909f56bfc062723c751e8b465ee728b)  -> (artifact id: '1a1d0086eb37243735c6e17c3d6e47d5') in 0.038565 seconds
  Import took 0.042245 seconds .

========================================================================
Received Import Request.
  Time since last request: 0.000485 seconds.
  path: Assets/Unity UI Samples/Prefabs/SF Grid Button.prefab
  artifactKey: Guid(8a0cab5ff0a9b465bbc169d7ad27a67f) Importer(815301076,1909f56bfc062723c751e8b465ee728b)
Start importing Assets/Unity UI Samples/Prefabs/SF Grid Button.prefab using Guid(8a0cab5ff0a9b465bbc169d7ad27a67f) Importer(815301076,1909f56bfc062723c751e8b465ee728b)  -> (artifact id: 'a983a93c38e8e74c24f66e294103e8c2') in 0.009485 seconds
  Import took 0.012582 seconds .

========================================================================
Received Import Request.
  Time since last request: 0.017442 seconds.
  path: Assets/Unity UI Samples/Prefabs/SF Title.prefab
  artifactKey: Guid(a93c012dd9ef6454fa7d140e976926f7) Importer(815301076,1909f56bfc062723c751e8b465ee728b)
Start importing Assets/Unity UI Samples/Prefabs/SF Title.prefab using Guid(a93c012dd9ef6454fa7d140e976926f7) Importer(815301076,1909f56bfc062723c751e8b465ee728b)  -> (artifact id: '1a1d0086eb37243735c6e17c3d6e47d5') in 0.009824 seconds
  Import took 0.013903 seconds .

========================================================================
Received Prepare
Registering precompiled user dll's ...
Registered in 0.002227 seconds.
Begin MonoManager ReloadAssembly
Native extension for WindowsStandalone target not found
Native extension for WebGL target not found
Refreshing native plugins compatible for Editor in 0.28 ms, found 0 plugins.
Preloading 0 native plugins for Editor in 0.00 ms.
Mono: successfully reloaded assembly
- Completed reload, in  1.153 seconds
Platform modules already initialized, skipping
Refreshing native plugins compatible for Editor in 0.35 ms, found 0 plugins.
Preloading 0 native plugins for Editor in 0.00 ms.
Unloading 1271 Unused Serialized files (Serialized files now loaded: 0)
System memory in use before: 86.8 MB.
System memory in use after: 86.9 MB.

Unloading 12 unused Assets to reduce memory usage. Loaded Objects now: 1854.
Total: 2.527400 ms (FindLiveObjects: 0.289900 ms CreateObjectMapping: 0.059200 ms MarkObjects: 2.082800 ms  DeleteObjects: 0.093100 ms)

AssetImportParameters requested are different than current active one (requested -> active):
  requireTextureImportCompression: false -> true
========================================================================
Received Import Request.
  Time since last request: 260.543215 seconds.
  path: Assets/Prefabs/Rockets.prefab
  artifactKey: Guid(1f9c44f6bfad5b84983646d303a99735) Importer(815301076,1909f56bfc062723c751e8b465ee728b)
Start importing Assets/Prefabs/Rockets.prefab using Guid(1f9c44f6bfad5b84983646d303a99735) Importer(815301076,1909f56bfc062723c751e8b465ee728b)  -> (artifact id: '956f6d769b9e5d97a6e9d6c201598df9') in 0.146597 seconds
  Import took 0.150237 seconds .

========================================================================
Received Import Request.
  Time since last request: 239.555897 seconds.
  path: Assets/FBX/poseidonBlue.mat
  artifactKey: Guid(f87ce29d3d98b064db994fc76485d1bf) Importer(815301076,1909f56bfc062723c751e8b465ee728b)
Start importing Assets/FBX/poseidonBlue.mat using Guid(f87ce29d3d98b064db994fc76485d1bf) Importer(815301076,1909f56bfc062723c751e8b465ee728b)  -> (artifact id: '94578bc4ae6cbd50ca214e680cdfb884') in 0.113789 seconds
  Import took 0.116680 seconds .

========================================================================
Received Prepare
Registering precompiled user dll's ...
Registered in 0.001189 seconds.
Begin MonoManager ReloadAssembly
Native extension for WindowsStandalone target not found
Native extension for WebGL target not found
Refreshing native plugins compatible for Editor in 0.28 ms, found 0 plugins.
Preloading 0 native plugins for Editor in 0.00 ms.
Mono: successfully reloaded assembly
- Completed reload, in  0.913 seconds
Platform modules already initialized, skipping
Refreshing native plugins compatible for Editor in 0.31 ms, found 0 plugins.
Preloading 0 native plugins for Editor in 0.00 ms.
Unloading 1271 Unused Serialized files (Serialized files now loaded: 0)
System memory in use before: 86.8 MB.
System memory in use after: 86.9 MB.

Unloading 6 unused Assets to reduce memory usage. Loaded Objects now: 1859.
Total: 2.040200 ms (FindLiveObjects: 0.176100 ms CreateObjectMapping: 0.045800 ms MarkObjects: 1.754300 ms  DeleteObjects: 0.062300 ms)

AssetImportParameters requested are different than current active one (requested -> active):
  requireTextureImportCompression: false -> true
========================================================================
Received Import Request.
  Time since last request: 18.278961 seconds.
  path: Assets/Scripts/TresGods
  artifactKey: Guid(a4bebc40fb2bea3438abbd3f21ff4345) Importer(815301076,1909f56bfc062723c751e8b465ee728b)
Start importing Assets/Scripts/TresGods using Guid(a4bebc40fb2bea3438abbd3f21ff4345) Importer(815301076,1909f56bfc062723c751e8b465ee728b)  -> (artifact id: '0b7456c592b90aa29225909cbe42c5f4') in 0.007994 seconds
  Import took 0.041115 seconds .

========================================================================
Received Prepare
Registering precompiled user dll's ...
Registered in 0.000869 seconds.
Begin MonoManager ReloadAssembly
Native extension for WindowsStandalone target not found
Native extension for WebGL target not found
Refreshing native plugins compatible for Editor in 0.24 ms, found 0 plugins.
Preloading 0 native plugins for Editor in 0.00 ms.
Mono: successfully reloaded assembly
- Completed reload, in  0.953 seconds
Platform modules already initialized, skipping
Refreshing native plugins compatible for Editor in 0.35 ms, found 0 plugins.
Preloading 0 native plugins for Editor in 0.00 ms.
Unloading 1271 Unused Serialized files (Serialized files now loaded: 0)
System memory in use before: 86.8 MB.
System memory in use after: 86.9 MB.

Unloading 6 unused Assets to reduce memory usage. Loaded Objects now: 1862.
Total: 2.994500 ms (FindLiveObjects: 0.535800 ms CreateObjectMapping: 0.132300 ms MarkObjects: 2.251000 ms  DeleteObjects: 0.072800 ms)

AssetImportParameters requested are different than current active one (requested -> active):
  requireTextureImportCompression: false -> true
========================================================================
Received Prepare
Registering precompiled user dll's ...
Registered in 0.000877 seconds.
Begin MonoManager ReloadAssembly
Native extension for WindowsStandalone target not found
Native extension for WebGL target not found
Refreshing native plugins compatible for Editor in 0.27 ms, found 0 plugins.
Preloading 0 native plugins for Editor in 0.00 ms.
Mono: successfully reloaded assembly
- Completed reload, in  0.967 seconds
Platform modules already initialized, skipping
Refreshing native plugins compatible for Editor in 0.29 ms, found 0 plugins.
Preloading 0 native plugins for Editor in 0.00 ms.
Unloading 1271 Unused Serialized files (Serialized files now loaded: 0)
System memory in use before: 86.8 MB.
System memory in use after: 86.9 MB.

Unloading 6 unused Assets to reduce memory usage. Loaded Objects now: 1865.
Total: 2.443100 ms (FindLiveObjects: 0.277200 ms CreateObjectMapping: 0.054100 ms MarkObjects: 2.039300 ms  DeleteObjects: 0.070000 ms)

AssetImportParameters requested are different than current active one (requested -> active):
  requireTextureImportCompression: false -> true
========================================================================
Received Prepare
Registering precompiled user dll's ...
Registered in 0.000932 seconds.
Begin MonoManager ReloadAssembly
Native extension for WindowsStandalone target not found
Native extension for WebGL target not found
Refreshing native plugins compatible for Editor in 0.31 ms, found 0 plugins.
Preloading 0 native plugins for Editor in 0.00 ms.
Mono: successfully reloaded assembly
- Completed reload, in  0.997 seconds
Platform modules already initialized, skipping
Refreshing native plugins compatible for Editor in 0.30 ms, found 0 plugins.
Preloading 0 native plugins for Editor in 0.00 ms.
Unloading 1272 Unused Serialized files (Serialized files now loaded: 0)
System memory in use before: 86.8 MB.
System memory in use after: 86.9 MB.

Unloading 6 unused Assets to reduce memory usage. Loaded Objects now: 1869.
Total: 2.927600 ms (FindLiveObjects: 0.341800 ms CreateObjectMapping: 0.130100 ms MarkObjects: 2.354500 ms  DeleteObjects: 0.099400 ms)

AssetImportParameters requested are different than current active one (requested -> active):
  requireTextureImportCompression: false -> true
========================================================================
Received Import Request.
  Time since last request: 333.506525 seconds.
  path: Assets/Scripts/TresGods/MessageManager.cs
  artifactKey: Guid(4ef2b3b3ecab00c44bbcdc102d9dd732) Importer(815301076,1909f56bfc062723c751e8b465ee728b)
Start importing Assets/Scripts/TresGods/MessageManager.cs using Guid(4ef2b3b3ecab00c44bbcdc102d9dd732) Importer(815301076,1909f56bfc062723c751e8b465ee728b)  -> (artifact id: '103a463507a41e0d13290d67269ae554') in 0.006273 seconds
  Import took 0.008766 seconds .

========================================================================
Received Prepare
Registering precompiled user dll's ...
Registered in 0.001114 seconds.
Begin MonoManager ReloadAssembly
Native extension for WindowsStandalone target not found
Native extension for WebGL target not found
Refreshing native plugins compatible for Editor in 0.46 ms, found 0 plugins.
Preloading 0 native plugins for Editor in 0.00 ms.
Mono: successfully reloaded assembly
- Completed reload, in  0.999 seconds
Platform modules already initialized, skipping
Refreshing native plugins compatible for Editor in 0.64 ms, found 0 plugins.
Preloading 0 native plugins for Editor in 0.00 ms.
Unloading 1272 Unused Serialized files (Serialized files now loaded: 0)
System memory in use before: 86.8 MB.
System memory in use after: 86.9 MB.

Unloading 6 unused Assets to reduce memory usage. Loaded Objects now: 1872.
Total: 2.647500 ms (FindLiveObjects: 0.528000 ms CreateObjectMapping: 0.123600 ms MarkObjects: 1.905500 ms  DeleteObjects: 0.081500 ms)

AssetImportParameters requested are different than current active one (requested -> active):
  requireTextureImportCompression: false -> true
========================================================================
Received Prepare
Registering precompiled user dll's ...
Registered in 0.000857 seconds.
Begin MonoManager ReloadAssembly
Native extension for WindowsStandalone target not found
Native extension for WebGL target not found
Refreshing native plugins compatible for Editor in 0.27 ms, found 0 plugins.
Preloading 0 native plugins for Editor in 0.00 ms.
Mono: successfully reloaded assembly
- Completed reload, in  0.896 seconds
Platform modules already initialized, skipping
Refreshing native plugins compatible for Editor in 0.30 ms, found 0 plugins.
Preloading 0 native plugins for Editor in 0.00 ms.
Unloading 1272 Unused Serialized files (Serialized files now loaded: 0)
System memory in use before: 86.8 MB.
System memory in use after: 86.9 MB.

Unloading 6 unused Assets to reduce memory usage. Loaded Objects now: 1875.
Total: 2.439100 ms (FindLiveObjects: 0.427000 ms CreateObjectMapping: 0.074400 ms MarkObjects: 1.864200 ms  DeleteObjects: 0.069100 ms)

AssetImportParameters requested are different than current active one (requested -> active):
  requireTextureImportCompression: false -> true
========================================================================
Received Import Request.
  Time since last request: 441.138136 seconds.
  path: Assets/Scripts/TresGods/Scorer.cs
  artifactKey: Guid(3643b056e388e6847bd71acb49cd3d6b) Importer(815301076,1909f56bfc062723c751e8b465ee728b)
Start importing Assets/Scripts/TresGods/Scorer.cs using Guid(3643b056e388e6847bd71acb49cd3d6b) Importer(815301076,1909f56bfc062723c751e8b465ee728b)  -> (artifact id: 'f686ff4406721d22e63d5b9a86391b8e') in 0.004696 seconds
  Import took 0.007252 seconds .

========================================================================
Received Import Request.
  Time since last request: 45.006933 seconds.
  path: Assets/Scripts/TresGods/Scorer.cs
  artifactKey: Guid(3643b056e388e6847bd71acb49cd3d6b) Importer(815301076,1909f56bfc062723c751e8b465ee728b)
Start importing Assets/Scripts/TresGods/Scorer.cs using Guid(3643b056e388e6847bd71acb49cd3d6b) Importer(815301076,1909f56bfc062723c751e8b465ee728b)  -> (artifact id: '0232b0fb7dfbd5387ae6a7940714ea16') in 0.004413 seconds
  Import took 0.013245 seconds .

========================================================================
Received Prepare
Registering precompiled user dll's ...
Registered in 0.000851 seconds.
Begin MonoManager ReloadAssembly
Native extension for WindowsStandalone target not found
Native extension for WebGL target not found
Refreshing native plugins compatible for Editor in 0.30 ms, found 0 plugins.
Preloading 0 native plugins for Editor in 0.00 ms.
Mono: successfully reloaded assembly
- Completed reload, in  1.198 seconds
Platform modules already initialized, skipping
Refreshing native plugins compatible for Editor in 0.28 ms, found 0 plugins.
Preloading 0 native plugins for Editor in 0.00 ms.
Unloading 1272 Unused Serialized files (Serialized files now loaded: 0)
System memory in use before: 86.8 MB.
System memory in use after: 86.9 MB.

Unloading 6 unused Assets to reduce memory usage. Loaded Objects now: 1878.
Total: 2.804000 ms (FindLiveObjects: 0.312900 ms CreateObjectMapping: 0.107700 ms MarkObjects: 2.305000 ms  DeleteObjects: 0.076100 ms)

AssetImportParameters requested are different than current active one (requested -> active):
  requireTextureImportCompression: false -> true
========================================================================
Received Prepare
Registering precompiled user dll's ...
Registered in 0.037906 seconds.
Begin MonoManager ReloadAssembly
Native extension for WindowsStandalone target not found
Native extension for WebGL target not found
Refreshing native plugins compatible for Editor in 0.35 ms, found 0 plugins.
Preloading 0 native plugins for Editor in 0.00 ms.
Mono: successfully reloaded assembly
- Completed reload, in  2.074 seconds
Platform modules already initialized, skipping
Refreshing native plugins compatible for Editor in 0.35 ms, found 0 plugins.
Preloading 0 native plugins for Editor in 0.00 ms.
Unloading 1272 Unused Serialized files (Serialized files now loaded: 0)
System memory in use before: 86.8 MB.
System memory in use after: 86.9 MB.

Unloading 6 unused Assets to reduce memory usage. Loaded Objects now: 1881.
Total: 2.672700 ms (FindLiveObjects: 0.500700 ms CreateObjectMapping: 0.124100 ms MarkObjects: 1.971300 ms  DeleteObjects: 0.073900 ms)

AssetImportParameters requested are different than current active one (requested -> active):
  requireTextureImportCompression: false -> true
========================================================================
Received Import Request.
  Time since last request: 10650.209761 seconds.
  path: Assets/Unity UI Samples/Textures and Sprites/Lit UI/BackgroundNormal.psd
  artifactKey: Guid(50ab5eea3a58b4ddeb99f0388a1d77c5) Importer(815301076,1909f56bfc062723c751e8b465ee728b)
Start importing Assets/Unity UI Samples/Textures and Sprites/Lit UI/BackgroundNormal.psd using Guid(50ab5eea3a58b4ddeb99f0388a1d77c5) Importer(815301076,1909f56bfc062723c751e8b465ee728b)  -> (artifact id: '155735a4de5bb823cba8a6e4493ee8a8') in 0.529803 seconds
  Import took 0.552685 seconds .

========================================================================
Received Import Request.
  Time since last request: 0.000465 seconds.
  path: Assets/Unity UI Samples/Textures and Sprites/Lit UI/DiagonalSpritesNormal.psd
  artifactKey: Guid(022a5dbc82be311428eec45125477996) Importer(815301076,1909f56bfc062723c751e8b465ee728b)
Start importing Assets/Unity UI Samples/Textures and Sprites/Lit UI/DiagonalSpritesNormal.psd using Guid(022a5dbc82be311428eec45125477996) Importer(815301076,1909f56bfc062723c751e8b465ee728b)  -> (artifact id: '05ea51415c24107df0fa0ec73b050425') in 0.012867 seconds
  Import took 0.019613 seconds .

========================================================================
Received Import Request.
  Time since last request: 0.000438 seconds.
  path: Assets/Unity UI Samples/Textures and Sprites/Lit UI/DiagonalStripes.psd
  artifactKey: Guid(30db500b226a8014e82f9e1e39a78e15) Importer(815301076,1909f56bfc062723c751e8b465ee728b)
Start importing Assets/Unity UI Samples/Textures and Sprites/Lit UI/DiagonalStripes.psd using Guid(30db500b226a8014e82f9e1e39a78e15) Importer(815301076,1909f56bfc062723c751e8b465ee728b)  -> (artifact id: '1f4adfb0dccd4437667f8b3da332c832') in 0.014635 seconds
  Import took 0.023306 seconds .

========================================================================
Received Prepare
Registering precompiled user dll's ...
Registered in 0.001482 seconds.
Begin MonoManager ReloadAssembly
Native extension for WindowsStandalone target not found
Native extension for WebGL target not found
Refreshing native plugins compatible for Editor in 0.45 ms, found 0 plugins.
Preloading 0 native plugins for Editor in 0.00 ms.
Mono: successfully reloaded assembly
- Completed reload, in  0.965 seconds
Platform modules already initialized, skipping
Refreshing native plugins compatible for Editor in 0.34 ms, found 0 plugins.
Preloading 0 native plugins for Editor in 0.00 ms.
Unloading 1272 Unused Serialized files (Serialized files now loaded: 0)
System memory in use before: 86.9 MB.
System memory in use after: 87.0 MB.

Unloading 6 unused Assets to reduce memory usage. Loaded Objects now: 1888.
Total: 2.190100 ms (FindLiveObjects: 0.176800 ms CreateObjectMapping: 0.047700 ms MarkObjects: 1.898800 ms  DeleteObjects: 0.065000 ms)

AssetImportParameters requested are different than current active one (requested -> active):
  requireTextureImportCompression: false -> true
========================================================================
Received Import Request.
  Time since last request: 109.223612 seconds.
  path: Assets/Unity UI Samples/Textures and Sprites/Lit UI/KnobNormal.psd
  artifactKey: Guid(38a596ccbd20144369ac06fcbc2ce118) Importer(815301076,1909f56bfc062723c751e8b465ee728b)
Start importing Assets/Unity UI Samples/Textures and Sprites/Lit UI/KnobNormal.psd using Guid(38a596ccbd20144369ac06fcbc2ce118) Importer(815301076,1909f56bfc062723c751e8b465ee728b)  -> (artifact id: '219e03377f06a26067d13b8eb820a8e1') in 0.179604 seconds
  Import took 0.205906 seconds .

========================================================================
Received Import Request.
  Time since last request: 0.000518 seconds.
  path: Assets/Unity UI Samples/Textures and Sprites/Lit UI/White.psd
  artifactKey: Guid(5d5b9ba23399f4d4f8de62cb70b9440f) Importer(815301076,1909f56bfc062723c751e8b465ee728b)
Start importing Assets/Unity UI Samples/Textures and Sprites/Lit UI/White.psd using Guid(5d5b9ba23399f4d4f8de62cb70b9440f) Importer(815301076,1909f56bfc062723c751e8b465ee728b)  -> (artifact id: '21a57a8a390c142539a8a53885900082') in 0.017147 seconds
  Import took 0.019524 seconds .

========================================================================
Received Import Request.
  Time since last request: 0.000447 seconds.
  path: Assets/Unity UI Samples/Textures and Sprites/Lit UI/UISpriteNormal.psd
  artifactKey: Guid(91207f32a007d429180caa8fce010afd) Importer(815301076,1909f56bfc062723c751e8b465ee728b)
Start importing Assets/Unity UI Samples/Textures and Sprites/Lit UI/UISpriteNormal.psd using Guid(91207f32a007d429180caa8fce010afd) Importer(815301076,1909f56bfc062723c751e8b465ee728b)  -> (artifact id: '86f2e66e84aa2b30d619f54e37a4a885') in 0.010529 seconds
  Import took 0.034271 seconds .

========================================================================
Received Import Request.
  Time since last request: 26.820969 seconds.
  path: Assets/Unity UI Samples/Models/Textures/vehicle_rcFlyer_dff.tif
  artifactKey: Guid(d56722fd7cc841042bfafe48130cf5d8) Importer(815301076,1909f56bfc062723c751e8b465ee728b)
Start importing Assets/Unity UI Samples/Models/Textures/vehicle_rcFlyer_dff.tif using Guid(d56722fd7cc841042bfafe48130cf5d8) Importer(815301076,1909f56bfc062723c751e8b465ee728b)  -> (artifact id: '4520f1d810a2e6f0fd96f751cc449f67') in 0.240470 seconds
  Import took 0.261453 seconds .

========================================================================
Received Import Request.
  Time since last request: 0.000460 seconds.
  path: Assets/Unity UI Samples/Models/Textures/vehicle_rcFlyer_nrm.tif
  artifactKey: Guid(0ad7c77e77679ab46bf11303c59b229a) Importer(815301076,1909f56bfc062723c751e8b465ee728b)
Start importing Assets/Unity UI Samples/Models/Textures/vehicle_rcFlyer_nrm.tif using Guid(0ad7c77e77679ab46bf11303c59b229a) Importer(815301076,1909f56bfc062723c751e8b465ee728b)  -> (artifact id: '807b4db2608950643694bea6c8588474') in 0.102359 seconds
  Import took 0.106788 seconds .

========================================================================
Received Prepare
Registering precompiled user dll's ...
Registered in 0.000913 seconds.
Begin MonoManager ReloadAssembly
Native extension for WindowsStandalone target not found
Native extension for WebGL target not found
Refreshing native plugins compatible for Editor in 0.27 ms, found 0 plugins.
Preloading 0 native plugins for Editor in 0.00 ms.
Mono: successfully reloaded assembly
- Completed reload, in  0.925 seconds
Platform modules already initialized, skipping
Refreshing native plugins compatible for Editor in 0.33 ms, found 0 plugins.
Preloading 0 native plugins for Editor in 0.00 ms.
Unloading 1272 Unused Serialized files (Serialized files now loaded: 0)
System memory in use before: 86.9 MB.
System memory in use after: 87.0 MB.

Unloading 6 unused Assets to reduce memory usage. Loaded Objects now: 1893.
Total: 2.389700 ms (FindLiveObjects: 0.291800 ms CreateObjectMapping: 0.079900 ms MarkObjects: 1.901100 ms  DeleteObjects: 0.114000 ms)

AssetImportParameters requested are different than current active one (requested -> active):
  requireTextureImportCompression: false -> true
========================================================================
Received Prepare
Registering precompiled user dll's ...
Registered in 0.000831 seconds.
Begin MonoManager ReloadAssembly
Native extension for WindowsStandalone target not found
Native extension for WebGL target not found
Refreshing native plugins compatible for Editor in 0.29 ms, found 0 plugins.
Preloading 0 native plugins for Editor in 0.00 ms.
Mono: successfully reloaded assembly
- Completed reload, in  1.064 seconds
Platform modules already initialized, skipping
Refreshing native plugins compatible for Editor in 0.30 ms, found 0 plugins.
Preloading 0 native plugins for Editor in 0.00 ms.
Unloading 1272 Unused Serialized files (Serialized files now loaded: 0)
System memory in use before: 86.9 MB.
System memory in use after: 87.0 MB.

Unloading 6 unused Assets to reduce memory usage. Loaded Objects now: 1896.
Total: 2.772200 ms (FindLiveObjects: 0.198300 ms CreateObjectMapping: 0.067700 ms MarkObjects: 2.400000 ms  DeleteObjects: 0.104200 ms)

AssetImportParameters requested are different than current active one (requested -> active):
  requireTextureImportCompression: false -> true
========================================================================
Received Import Request.
  Time since last request: 5454.714636 seconds.
  path: Assets/Prefabs/JA Alert.prefab
  artifactKey: Guid(4f165583265033c47b33288e7317ac9b) Importer(815301076,1909f56bfc062723c751e8b465ee728b)
Start importing Assets/Prefabs/JA Alert.prefab using Guid(4f165583265033c47b33288e7317ac9b) Importer(815301076,1909f56bfc062723c751e8b465ee728b)  -> (artifact id: '0981829d62927b44da93d66f1afa67b3') in 0.214386 seconds
  Import took 0.270201 seconds .

========================================================================
Received Import Request.
  Time since last request: 2864.154195 seconds.
  path: Assets/Sprites
  artifactKey: Guid(1775e60b636553843b9aca077ee85073) Importer(815301076,1909f56bfc062723c751e8b465ee728b)
Start importing Assets/Sprites using Guid(1775e60b636553843b9aca077ee85073) Importer(815301076,1909f56bfc062723c751e8b465ee728b)  -> (artifact id: 'abb2e054e0e309dc8929249f866a9473') in 0.022012 seconds
  Import took 0.029551 seconds .

========================================================================
Received Import Request.
  Time since last request: 119.888851 seconds.
  path: Assets/Sprites/Background_06.png
  artifactKey: Guid(e10416951ff942349ac6818e2c5f9056) Importer(815301076,1909f56bfc062723c751e8b465ee728b)
Start importing Assets/Sprites/Background_06.png using Guid(e10416951ff942349ac6818e2c5f9056) Importer(815301076,1909f56bfc062723c751e8b465ee728b)  -> (artifact id: '24260ca6e9d730920cc8a94aae36c136') in 0.534521 seconds
  Import took 0.543368 seconds .

========================================================================
Received Import Request.
  Time since last request: 0.994148 seconds.
  path: Assets/Sprites/Button_04.png
  artifactKey: Guid(3f7c0577877f26a46ae719883ed33fc7) Importer(815301076,1909f56bfc062723c751e8b465ee728b)
Start importing Assets/Sprites/Button_04.png using Guid(3f7c0577877f26a46ae719883ed33fc7) Importer(815301076,1909f56bfc062723c751e8b465ee728b)  -> (artifact id: '2d969439b87f009dbc638f3d6b9c5ca0') in 0.019860 seconds
  Import took 0.039083 seconds .

========================================================================
Received Import Request.
  Time since last request: 507.638194 seconds.
  path: Assets/Sprites/Menu_button_02_Little_On.png
  artifactKey: Guid(0f7b37166925a404e9015e2357b184d0) Importer(815301076,1909f56bfc062723c751e8b465ee728b)
Start importing Assets/Sprites/Menu_button_02_Little_On.png using Guid(0f7b37166925a404e9015e2357b184d0) Importer(815301076,1909f56bfc062723c751e8b465ee728b)  -> (artifact id: 'd6c2e274b73b7f79ac65afa62f75bd0f') in 0.252140 seconds
  Import took 0.370775 seconds .

========================================================================
Received Import Request.
  Time since last request: 104.750877 seconds.
  path: Assets/Sprites/Button_04.png
  artifactKey: Guid(3f7c0577877f26a46ae719883ed33fc7) Importer(815301076,1909f56bfc062723c751e8b465ee728b)
Start importing Assets/Sprites/Button_04.png using Guid(3f7c0577877f26a46ae719883ed33fc7) Importer(815301076,1909f56bfc062723c751e8b465ee728b)  -> (artifact id: 'c5a4533ca67521ecf609e9d9e666387f') in 0.548464 seconds
  Import took 0.554932 seconds .

========================================================================
Received Import Request.
  Time since last request: 48.357777 seconds.
  path: Assets/Sprites/Background_06.png
  artifactKey: Guid(e10416951ff942349ac6818e2c5f9056) Importer(815301076,1909f56bfc062723c751e8b465ee728b)
Start importing Assets/Sprites/Background_06.png using Guid(e10416951ff942349ac6818e2c5f9056) Importer(815301076,1909f56bfc062723c751e8b465ee728b)  -> (artifact id: 'd41f9ffc183c8fbf5baddbe0be0eafc9') in 0.076153 seconds
  Import took 0.081294 seconds .

========================================================================
Received Import Request.
  Time since last request: 123.689038 seconds.
  path: Assets/Sprites/Button_Desk_short.png
  artifactKey: Guid(8db49a57337434540ab1281f2ac8bf1f) Importer(815301076,1909f56bfc062723c751e8b465ee728b)
Start importing Assets/Sprites/Button_Desk_short.png using Guid(8db49a57337434540ab1281f2ac8bf1f) Importer(815301076,1909f56bfc062723c751e8b465ee728b)  -> (artifact id: 'b2cf3e368f89b8853965bbc49eaabda2') in 0.043361 seconds
  Import took 0.047195 seconds .

========================================================================
Received Import Request.
  Time since last request: 0.009239 seconds.
  path: Assets/Sprites/Button_Desk_short.png
  artifactKey: Guid(8db49a57337434540ab1281f2ac8bf1f) Importer(815301076,1909f56bfc062723c751e8b465ee728b)
Start importing Assets/Sprites/Button_Desk_short.png using Guid(8db49a57337434540ab1281f2ac8bf1f) Importer(815301076,1909f56bfc062723c751e8b465ee728b)  -> (artifact id: 'b2cf3e368f89b8853965bbc49eaabda2') in 0.021024 seconds
  Import took 0.027310 seconds .

========================================================================
Received Import Request.
  Time since last request: 6.357401 seconds.
  path: Assets/Sprites/Button_Desk_short.png
  artifactKey: Guid(8db49a57337434540ab1281f2ac8bf1f) Importer(815301076,1909f56bfc062723c751e8b465ee728b)
Start importing Assets/Sprites/Button_Desk_short.png using Guid(8db49a57337434540ab1281f2ac8bf1f) Importer(815301076,1909f56bfc062723c751e8b465ee728b)  -> (artifact id: 'd760d9f6fe022637294584104da62291') in 0.027774 seconds
  Import took 0.031202 seconds .

