Using pre-set license
Built from '2020.3/staging' branch; Version is '2020.3.6f1 (338bb68529b2) revision 3378102'; Using compiler version '192528614'; Build Type 'Release'
OS: 'Windows 10 Home; OS build 19042.1052; Version 2009; 64bit' Language: 'en' Physical Memory: 3978 MB
BatchMode: 1, IsHumanControllingUs: 0, StartBugReporterOnCrash: 0, Is64bit: 1, IsPro: 0

 COMMAND LINE ARGUMENTS:
C:\Program Files\Unity\Hub\Editor\2020.3.6f1\Editor\Unity.exe
-adb2
-batchMode
-noUpm
-name
AssetImportWorker0
-projectPath
D:/Unity/Maze
-logFile
Logs/AssetImportWorker0.log
-srvPort
61854
Successfully changed project path to: D:/Unity/Maze
D:/Unity/Maze
Using Asset Import Pipeline V2.
Refreshing native plugins compatible for Editor in 27.50 ms, found 0 plugins.
Preloading 0 native plugins for Editor in 0.00 ms.
Initialize engine version: 2020.3.6f1 (338bb68529b2)
[Subsystems] Discovering subsystems at path C:/Program Files/Unity/Hub/Editor/2020.3.6f1/Editor/Data/Resources/UnitySubsystems
[Subsystems] Discovering subsystems at path D:/Unity/Maze/Assets
GfxDevice: creating device client; threaded=0
Direct3D:
    Version:  Direct3D 11.0 [level 11.0]
    Renderer: NVIDIA GeForce 940MX (ID=0x134d)
    Vendor:   
    VRAM:     2010 MB
    Driver:   27.21.14.5167
Initialize mono
Mono path[0] = 'C:/Program Files/Unity/Hub/Editor/2020.3.6f1/Editor/Data/Managed'
Mono path[1] = 'C:/Program Files/Unity/Hub/Editor/2020.3.6f1/Editor/Data/MonoBleedingEdge/lib/mono/unityjit'
Mono config path = 'C:/Program Files/Unity/Hub/Editor/2020.3.6f1/Editor/Data/MonoBleedingEdge/etc'
Using monoOptions --debugger-agent=transport=dt_socket,embedding=1,server=y,suspend=n,address=127.0.0.1:56460
Begin MonoManager ReloadAssembly
Registering precompiled unity dll's ...
Register platform support module: C:/Program Files/Unity/Hub/Editor/2020.3.6f1/Editor/Data/PlaybackEngines/WebGLSupport/UnityEditor.WebGL.Extensions.dll
Register platform support module: C:/Program Files/Unity/Hub/Editor/2020.3.6f1/Editor/Data/PlaybackEngines/WindowsStandaloneSupport/UnityEditor.WindowsStandalone.Extensions.dll
Registered in 0.004621 seconds.
Native extension for WindowsStandalone target not found
Native extension for WebGL target not found
Refreshing native plugins compatible for Editor in 28.70 ms, found 0 plugins.
Preloading 0 native plugins for Editor in 0.00 ms.
Mono: successfully reloaded assembly
- Completed reload, in  1.603 seconds
Platform modules already initialized, skipping
Registering precompiled user dll's ...
Registered in 0.000969 seconds.
Begin MonoManager ReloadAssembly
Native extension for WindowsStandalone target not found
Native extension for WebGL target not found
Refreshing native plugins compatible for Editor in 0.34 ms, found 0 plugins.
Preloading 0 native plugins for Editor in 0.00 ms.
Mono: successfully reloaded assembly
- Completed reload, in  0.976 seconds
Platform modules already initialized, skipping
========================================================================
Worker process is ready to serve import requests
Launched and connected shader compiler UnityShaderCompiler.exe after 0.07 seconds
Refreshing native plugins compatible for Editor in 0.28 ms, found 0 plugins.
Preloading 0 native plugins for Editor in 0.00 ms.
Unloading 1284 Unused Serialized files (Serialized files now loaded: 0)
System memory in use before: 83.2 MB.
System memory in use after: 83.2 MB.

Unloading 11 unused Assets to reduce memory usage. Loaded Objects now: 1754.
Total: 2.609900 ms (FindLiveObjects: 0.291600 ms CreateObjectMapping: 0.144100 ms MarkObjects: 1.953700 ms  DeleteObjects: 0.217400 ms)

AssetImportParameters requested are different than current active one (requested -> active):
  requireTextureImportCompression: false -> true
========================================================================
Received Import Request.
  path: Assets/Scenes/RocketScene.unity
  artifactKey: Guid(14a64819a609ceb4295f6aeedc9e2535) Importer(815301076,1909f56bfc062723c751e8b465ee728b)
Start importing Assets/Scenes/RocketScene.unity using Guid(14a64819a609ceb4295f6aeedc9e2535) Importer(815301076,1909f56bfc062723c751e8b465ee728b)  -> (artifact id: '47515c3d3488db8428090694ae3d7e69') in 0.024067 seconds
  Import took 0.034801 seconds .

========================================================================
Received Import Request.
  Time since last request: 0.330344 seconds.
  path: Assets/Scenes/TresGodsScene.unity
  artifactKey: Guid(9fc0d4010bbf28b4594072e72b8655ab) Importer(815301076,1909f56bfc062723c751e8b465ee728b)
Start importing Assets/Scenes/TresGodsScene.unity using Guid(9fc0d4010bbf28b4594072e72b8655ab) Importer(815301076,1909f56bfc062723c751e8b465ee728b)  -> (artifact id: '7e0cc42d9edaccfc53dae62ca3e4e9c8') in 0.003045 seconds
  Import took 0.008807 seconds .

========================================================================
Received Import Request.
  Time since last request: 0.020248 seconds.
  path: Assets/Scenes/TresGodsScene.unity
  artifactKey: Guid(9fc0d4010bbf28b4594072e72b8655ab) Importer(815301076,1909f56bfc062723c751e8b465ee728b)
Start importing Assets/Scenes/TresGodsScene.unity using Guid(9fc0d4010bbf28b4594072e72b8655ab) Importer(815301076,1909f56bfc062723c751e8b465ee728b)  -> (artifact id: '7e0cc42d9edaccfc53dae62ca3e4e9c8') in 0.003111 seconds
  Import took 0.007186 seconds .

========================================================================
Received Import Request.
  Time since last request: 86.510914 seconds.
  path: Assets/Scripts/FollowPlayer.cs
  artifactKey: Guid(86a71ea82b887b94caad198a6b984941) Importer(815301076,1909f56bfc062723c751e8b465ee728b)
Start importing Assets/Scripts/FollowPlayer.cs using Guid(86a71ea82b887b94caad198a6b984941) Importer(815301076,1909f56bfc062723c751e8b465ee728b)  -> (artifact id: '9e456fd6addf92204d68dfdad5ca561a') in 0.043954 seconds
  Import took 0.159433 seconds .

========================================================================
Received Prepare
Registering precompiled user dll's ...
Registered in 0.000860 seconds.
Begin MonoManager ReloadAssembly
Native extension for WindowsStandalone target not found
Native extension for WebGL target not found
Refreshing native plugins compatible for Editor in 0.37 ms, found 0 plugins.
Preloading 0 native plugins for Editor in 0.00 ms.
Mono: successfully reloaded assembly
- Completed reload, in  1.033 seconds
Platform modules already initialized, skipping
Refreshing native plugins compatible for Editor in 0.27 ms, found 0 plugins.
Preloading 0 native plugins for Editor in 0.00 ms.
Unloading 1278 Unused Serialized files (Serialized files now loaded: 0)
System memory in use before: 83.3 MB.
System memory in use after: 83.4 MB.

Unloading 6 unused Assets to reduce memory usage. Loaded Objects now: 1758.
Total: 2.071300 ms (FindLiveObjects: 0.242800 ms CreateObjectMapping: 0.085600 ms MarkObjects: 1.644300 ms  DeleteObjects: 0.095900 ms)

AssetImportParameters requested are different than current active one (requested -> active):
  requireTextureImportCompression: false -> true
========================================================================
Received Import Request.
  Time since last request: 42.577828 seconds.
  path: Assets/Scripts/FollowPlayer.cs
  artifactKey: Guid(86a71ea82b887b94caad198a6b984941) Importer(815301076,1909f56bfc062723c751e8b465ee728b)
Start importing Assets/Scripts/FollowPlayer.cs using Guid(86a71ea82b887b94caad198a6b984941) Importer(815301076,1909f56bfc062723c751e8b465ee728b)  -> (artifact id: '67a690edf34e97053602e0c7bc0e2a71') in 0.005550 seconds
  Import took 0.045117 seconds .

========================================================================
Received Prepare
Registering precompiled user dll's ...
Registered in 0.003279 seconds.
Begin MonoManager ReloadAssembly
Native extension for WindowsStandalone target not found
Native extension for WebGL target not found
Refreshing native plugins compatible for Editor in 1.07 ms, found 0 plugins.
Preloading 0 native plugins for Editor in 0.00 ms.
Mono: successfully reloaded assembly
- Completed reload, in  1.893 seconds
Platform modules already initialized, skipping
Refreshing native plugins compatible for Editor in 0.30 ms, found 0 plugins.
Preloading 0 native plugins for Editor in 0.00 ms.
Unloading 1277 Unused Serialized files (Serialized files now loaded: 0)
System memory in use before: 83.3 MB.
System memory in use after: 83.4 MB.

Unloading 6 unused Assets to reduce memory usage. Loaded Objects now: 1761.
Total: 2.691700 ms (FindLiveObjects: 0.188800 ms CreateObjectMapping: 0.051700 ms MarkObjects: 2.370000 ms  DeleteObjects: 0.078700 ms)

AssetImportParameters requested are different than current active one (requested -> active):
  requireTextureImportCompression: false -> true
========================================================================
Received Import Request.
  Time since last request: 236.942297 seconds.
  path: Assets/Scripts/GameControl.cs
  artifactKey: Guid(3aa79ffed8239ef45aff6e8d5eaf75a4) Importer(815301076,1909f56bfc062723c751e8b465ee728b)
Start importing Assets/Scripts/GameControl.cs using Guid(3aa79ffed8239ef45aff6e8d5eaf75a4) Importer(815301076,1909f56bfc062723c751e8b465ee728b)  -> (artifact id: '5121d840df1bd0373fb371aa5a2aa630') in 0.017152 seconds
  Import took 0.033898 seconds .

========================================================================
Received Prepare
Registering precompiled user dll's ...
Registered in 0.002711 seconds.
Begin MonoManager ReloadAssembly
Native extension for WindowsStandalone target not found
Native extension for WebGL target not found
Refreshing native plugins compatible for Editor in 0.29 ms, found 0 plugins.
Preloading 0 native plugins for Editor in 0.00 ms.
Mono: successfully reloaded assembly
- Completed reload, in  1.022 seconds
Platform modules already initialized, skipping
Refreshing native plugins compatible for Editor in 0.37 ms, found 0 plugins.
Preloading 0 native plugins for Editor in 0.00 ms.
Unloading 1277 Unused Serialized files (Serialized files now loaded: 0)
System memory in use before: 83.3 MB.
System memory in use after: 83.4 MB.

Unloading 6 unused Assets to reduce memory usage. Loaded Objects now: 1764.
Total: 2.145900 ms (FindLiveObjects: 0.167700 ms CreateObjectMapping: 0.044500 ms MarkObjects: 1.863200 ms  DeleteObjects: 0.069000 ms)

AssetImportParameters requested are different than current active one (requested -> active):
  requireTextureImportCompression: false -> true
========================================================================
Received Import Request.
  Time since last request: 399.193409 seconds.
  path: Assets/Scenes/TresGodsScene.unity
  artifactKey: Guid(9fc0d4010bbf28b4594072e72b8655ab) Importer(815301076,1909f56bfc062723c751e8b465ee728b)
Start importing Assets/Scenes/TresGodsScene.unity using Guid(9fc0d4010bbf28b4594072e72b8655ab) Importer(815301076,1909f56bfc062723c751e8b465ee728b)  -> (artifact id: '6e9b2a03388c345d74d354d9244c4133') in 0.017417 seconds
  Import took 0.034220 seconds .

========================================================================
Received Import Request.
  Time since last request: 103.714239 seconds.
  path: Assets/Prefabs
  artifactKey: Guid(264b37a60f363634e9bde6ce377f79d1) Importer(815301076,1909f56bfc062723c751e8b465ee728b)
Start importing Assets/Prefabs using Guid(264b37a60f363634e9bde6ce377f79d1) Importer(815301076,1909f56bfc062723c751e8b465ee728b)  -> (artifact id: 'be18312f495a0da819b6cc6819df75f4') in 0.005142 seconds
  Import took 0.009747 seconds .

========================================================================
Received Import Request.
  Time since last request: 5.261730 seconds.
  path: Assets/Prefabs/UI
  artifactKey: Guid(262123a4547545546919d100f9ef2b9b) Importer(815301076,1909f56bfc062723c751e8b465ee728b)
Start importing Assets/Prefabs/UI using Guid(262123a4547545546919d100f9ef2b9b) Importer(815301076,1909f56bfc062723c751e8b465ee728b)  -> (artifact id: '5eedbd2daa36eb84f85dcbd1b5759cb2') in 0.014188 seconds
  Import took 0.018593 seconds .

========================================================================
Received Import Request.
  Time since last request: 4.150521 seconds.
  path: Assets/Prefabs/GameControl.prefab
  artifactKey: Guid(0e3152af04d7ced4f85ed89489897e20) Importer(815301076,1909f56bfc062723c751e8b465ee728b)
Start importing Assets/Prefabs/GameControl.prefab using Guid(0e3152af04d7ced4f85ed89489897e20) Importer(815301076,1909f56bfc062723c751e8b465ee728b)  -> (artifact id: '48076642dd66ae3e74026e1c24df0509') in 0.038263 seconds
  Import took 0.041895 seconds .

========================================================================
Received Import Request.
  Time since last request: 45.875623 seconds.
  path: Assets/Prefabs/Architecture
  artifactKey: Guid(262123a4547545546919d100f9ef2b9b) Importer(815301076,1909f56bfc062723c751e8b465ee728b)
Start importing Assets/Prefabs/Architecture using Guid(262123a4547545546919d100f9ef2b9b) Importer(815301076,1909f56bfc062723c751e8b465ee728b)  -> (artifact id: 'd2d8e643a8a0e899ce476be9e4898124') in 0.002666 seconds
  Import took 0.006787 seconds .

========================================================================
Received Import Request.
  Time since last request: 30.314549 seconds.
  path: Assets/Prefabs/NewBehaviourScript.cs
  artifactKey: Guid(8c7dea98d21004541a51bfc248df7c09) Importer(815301076,1909f56bfc062723c751e8b465ee728b)
Start importing Assets/Prefabs/NewBehaviourScript.cs using Guid(8c7dea98d21004541a51bfc248df7c09) Importer(815301076,1909f56bfc062723c751e8b465ee728b)  -> (artifact id: '29d67a961d9f9c23ab68092cb2f399b0') in 0.004398 seconds
  Import took 0.022894 seconds .

========================================================================
Received Prepare
Registering precompiled user dll's ...
Registered in 0.000827 seconds.
Begin MonoManager ReloadAssembly
Native extension for WindowsStandalone target not found
Native extension for WebGL target not found
Refreshing native plugins compatible for Editor in 0.27 ms, found 0 plugins.
Preloading 0 native plugins for Editor in 0.00 ms.
Mono: successfully reloaded assembly
- Completed reload, in  1.034 seconds
Platform modules already initialized, skipping
Refreshing native plugins compatible for Editor in 0.50 ms, found 0 plugins.
Preloading 0 native plugins for Editor in 0.00 ms.
Unloading 1278 Unused Serialized files (Serialized files now loaded: 0)
System memory in use before: 83.4 MB.
System memory in use after: 83.4 MB.

Unloading 6 unused Assets to reduce memory usage. Loaded Objects now: 1768.
Total: 2.844800 ms (FindLiveObjects: 0.197000 ms CreateObjectMapping: 0.112300 ms MarkObjects: 2.453700 ms  DeleteObjects: 0.079400 ms)

AssetImportParameters requested are different than current active one (requested -> active):
  requireTextureImportCompression: false -> true
========================================================================
Received Prepare
Registering precompiled user dll's ...
Registered in 0.000824 seconds.
Begin MonoManager ReloadAssembly
Native extension for WindowsStandalone target not found
Native extension for WebGL target not found
Refreshing native plugins compatible for Editor in 0.28 ms, found 0 plugins.
Preloading 0 native plugins for Editor in 0.00 ms.
Mono: successfully reloaded assembly
- Completed reload, in  0.925 seconds
Platform modules already initialized, skipping
Refreshing native plugins compatible for Editor in 0.36 ms, found 0 plugins.
Preloading 0 native plugins for Editor in 0.00 ms.
Unloading 1277 Unused Serialized files (Serialized files now loaded: 0)
System memory in use before: 83.4 MB.
System memory in use after: 83.4 MB.

Unloading 7 unused Assets to reduce memory usage. Loaded Objects now: 1770.
Total: 2.983800 ms (FindLiveObjects: 0.198800 ms CreateObjectMapping: 0.060900 ms MarkObjects: 2.648500 ms  DeleteObjects: 0.073700 ms)

AssetImportParameters requested are different than current active one (requested -> active):
  requireTextureImportCompression: false -> true
========================================================================
Received Import Request.
  Time since last request: 18.387844 seconds.
  path: Assets/Prefabs/Mins
  artifactKey: Guid(a1a731ad00cb8f742ae6889e9b2ebca1) Importer(815301076,1909f56bfc062723c751e8b465ee728b)
Start importing Assets/Prefabs/Mins using Guid(a1a731ad00cb8f742ae6889e9b2ebca1) Importer(815301076,1909f56bfc062723c751e8b465ee728b)  -> (artifact id: '6118dc2bd8c338016d9ee7051e330720') in 0.004689 seconds
  Import took 0.104349 seconds .

========================================================================
Received Import Request.
  Time since last request: 4.019250 seconds.
  path: Assets/Prefabs/Minis
  artifactKey: Guid(a1a731ad00cb8f742ae6889e9b2ebca1) Importer(815301076,1909f56bfc062723c751e8b465ee728b)
Start importing Assets/Prefabs/Minis using Guid(a1a731ad00cb8f742ae6889e9b2ebca1) Importer(815301076,1909f56bfc062723c751e8b465ee728b)  -> (artifact id: 'b56be147ef23b2718b166d430810aaf9') in 0.002903 seconds
  Import took 0.006446 seconds .

========================================================================
Received Import Request.
  Time since last request: 30.504379 seconds.
  path: Assets/Prefabs/UI
  artifactKey: Guid(f462155e9245f92499903e711b3f6f27) Importer(815301076,1909f56bfc062723c751e8b465ee728b)
Start importing Assets/Prefabs/UI using Guid(f462155e9245f92499903e711b3f6f27) Importer(815301076,1909f56bfc062723c751e8b465ee728b)  -> (artifact id: 'df30b52616ce93932862ce5c382843a4') in 0.002400 seconds
  Import took 0.015745 seconds .

========================================================================
Received Import Request.
  Time since last request: 14.057133 seconds.
  path: Assets/Prefabs/TriggerBox.prefab
  artifactKey: Guid(784bfe5c9c11ed6428dbdc108bfb7967) Importer(815301076,1909f56bfc062723c751e8b465ee728b)
Start importing Assets/Prefabs/TriggerBox.prefab using Guid(784bfe5c9c11ed6428dbdc108bfb7967) Importer(815301076,1909f56bfc062723c751e8b465ee728b)  -> (artifact id: '9fb6be8e2b9955e96227bb56c024795f') in 0.139975 seconds
  Import took 0.166449 seconds .

========================================================================
Received Import Request.
  Time since last request: 18.863184 seconds.
  path: Assets/Prefabs/Architecture/GreekSymbol.prefab
  artifactKey: Guid(7be402e9f1632ee49b8a40d853050677) Importer(815301076,1909f56bfc062723c751e8b465ee728b)
Start importing Assets/Prefabs/Architecture/GreekSymbol.prefab using Guid(7be402e9f1632ee49b8a40d853050677) Importer(815301076,1909f56bfc062723c751e8b465ee728b)  -> (artifact id: '46994bef74839e234716658b07354e09') in 0.050423 seconds
  Import took 0.065315 seconds .

========================================================================
Received Import Request.
  Time since last request: 0.002385 seconds.
  path: Assets/Prefabs/Architecture/GreekSymbol.prefab
  artifactKey: Guid(7be402e9f1632ee49b8a40d853050677) Importer(815301076,1909f56bfc062723c751e8b465ee728b)
Start importing Assets/Prefabs/Architecture/GreekSymbol.prefab using Guid(7be402e9f1632ee49b8a40d853050677) Importer(815301076,1909f56bfc062723c751e8b465ee728b)  -> (artifact id: '46994bef74839e234716658b07354e09') in 0.011000 seconds
  Import took 0.029328 seconds .

========================================================================
Received Import Request.
  Time since last request: 101.065593 seconds.
  path: Assets/Scenes/RocketScene.unity
  artifactKey: Guid(14a64819a609ceb4295f6aeedc9e2535) Importer(815301076,1909f56bfc062723c751e8b465ee728b)
Start importing Assets/Scenes/RocketScene.unity using Guid(14a64819a609ceb4295f6aeedc9e2535) Importer(815301076,1909f56bfc062723c751e8b465ee728b)  -> (artifact id: 'd288a92773d5f699e216ec5dbfbd66cb') in 0.003109 seconds
  Import took 0.006022 seconds .

========================================================================
Received Import Request.
  Time since last request: 5.292535 seconds.
  path: Assets/Prefabs/Architecture/GreekSymbol.prefab
  artifactKey: Guid(7be402e9f1632ee49b8a40d853050677) Importer(815301076,1909f56bfc062723c751e8b465ee728b)
Start importing Assets/Prefabs/Architecture/GreekSymbol.prefab using Guid(7be402e9f1632ee49b8a40d853050677) Importer(815301076,1909f56bfc062723c751e8b465ee728b)  -> (artifact id: 'f4e82d960df4607d5e121ba66a2cfcc6') in 0.040852 seconds
  Import took 0.134914 seconds .

========================================================================
Received Import Request.
  Time since last request: 275.555047 seconds.
  path: Assets/Prefabs/Architecture/GreekSymbol.prefab
  artifactKey: Guid(7be402e9f1632ee49b8a40d853050677) Importer(815301076,1909f56bfc062723c751e8b465ee728b)
Start importing Assets/Prefabs/Architecture/GreekSymbol.prefab using Guid(7be402e9f1632ee49b8a40d853050677) Importer(815301076,1909f56bfc062723c751e8b465ee728b)  -> (artifact id: '7ed9b3ac30fd9e1874fd0c1ebe4be9a0') in 0.053432 seconds
  Import took 0.152852 seconds .

========================================================================
Received Import Request.
  Time since last request: 223.861676 seconds.
  path: Assets/Scenes/TresGodsScene.unity
  artifactKey: Guid(9fc0d4010bbf28b4594072e72b8655ab) Importer(815301076,1909f56bfc062723c751e8b465ee728b)
Start importing Assets/Scenes/TresGodsScene.unity using Guid(9fc0d4010bbf28b4594072e72b8655ab) Importer(815301076,1909f56bfc062723c751e8b465ee728b)  -> (artifact id: '092aa37e0a9b0deb639dcfb63fcc5bb7') in 0.004553 seconds
  Import took 0.007550 seconds .

========================================================================
Received Prepare
Registering precompiled user dll's ...
Registered in 0.000906 seconds.
Begin MonoManager ReloadAssembly
Native extension for WindowsStandalone target not found
Native extension for WebGL target not found
Refreshing native plugins compatible for Editor in 0.27 ms, found 0 plugins.
Preloading 0 native plugins for Editor in 0.00 ms.
Mono: successfully reloaded assembly
- Completed reload, in  0.871 seconds
Platform modules already initialized, skipping
Refreshing native plugins compatible for Editor in 0.27 ms, found 0 plugins.
Preloading 0 native plugins for Editor in 0.00 ms.
Unloading 1277 Unused Serialized files (Serialized files now loaded: 0)
System memory in use before: 86.5 MB.
System memory in use after: 86.6 MB.

Unloading 7 unused Assets to reduce memory usage. Loaded Objects now: 1782.
Total: 2.189800 ms (FindLiveObjects: 0.304900 ms CreateObjectMapping: 0.075200 ms MarkObjects: 1.738900 ms  DeleteObjects: 0.067500 ms)

AssetImportParameters requested are different than current active one (requested -> active):
  requireTextureImportCompression: false -> true
========================================================================
Received Import Request.
  Time since last request: 390.136145 seconds.
  path: Assets/Scenes/RocketScene.unity
  artifactKey: Guid(14a64819a609ceb4295f6aeedc9e2535) Importer(815301076,1909f56bfc062723c751e8b465ee728b)
Start importing Assets/Scenes/RocketScene.unity using Guid(14a64819a609ceb4295f6aeedc9e2535) Importer(815301076,1909f56bfc062723c751e8b465ee728b)  -> (artifact id: '5622208b2220c0fcdf2c75f0e0e7f56b') in 0.016503 seconds
  Import took 0.362376 seconds .

========================================================================
Received Import Request.
  Time since last request: 1.454479 seconds.
  path: Assets/Scenes/TresGodsScene.unity
  artifactKey: Guid(9fc0d4010bbf28b4594072e72b8655ab) Importer(815301076,1909f56bfc062723c751e8b465ee728b)
Start importing Assets/Scenes/TresGodsScene.unity using Guid(9fc0d4010bbf28b4594072e72b8655ab) Importer(815301076,1909f56bfc062723c751e8b465ee728b)  -> (artifact id: '688db35fa474964545f9643631f48982') in 0.004406 seconds
  Import took 0.109651 seconds .

========================================================================
Received Prepare
Registering precompiled user dll's ...
Registered in 0.000867 seconds.
Begin MonoManager ReloadAssembly
Native extension for WindowsStandalone target not found
Native extension for WebGL target not found
Refreshing native plugins compatible for Editor in 0.27 ms, found 0 plugins.
Preloading 0 native plugins for Editor in 0.00 ms.
Mono: successfully reloaded assembly
- Completed reload, in  0.886 seconds
Platform modules already initialized, skipping
Refreshing native plugins compatible for Editor in 0.27 ms, found 0 plugins.
Preloading 0 native plugins for Editor in 0.00 ms.
Unloading 1277 Unused Serialized files (Serialized files now loaded: 0)
System memory in use before: 86.5 MB.
System memory in use after: 86.6 MB.

Unloading 6 unused Assets to reduce memory usage. Loaded Objects now: 1785.
Total: 2.738800 ms (FindLiveObjects: 0.272700 ms CreateObjectMapping: 0.103900 ms MarkObjects: 2.293600 ms  DeleteObjects: 0.066800 ms)

AssetImportParameters requested are different than current active one (requested -> active):
  requireTextureImportCompression: false -> true
========================================================================
Received Import Request.
  Time since last request: 220.154796 seconds.
  path: Assets/Scenes/LabyrinthScene.unity
  artifactKey: Guid(14a64819a609ceb4295f6aeedc9e2535) Importer(815301076,1909f56bfc062723c751e8b465ee728b)
Start importing Assets/Scenes/LabyrinthScene.unity using Guid(14a64819a609ceb4295f6aeedc9e2535) Importer(815301076,1909f56bfc062723c751e8b465ee728b)  -> (artifact id: 'b7d49857ba313bcece10e9ef279f6670') in 0.018002 seconds
  Import took 0.031401 seconds .

========================================================================
Received Prepare
Registering precompiled user dll's ...
Registered in 0.001155 seconds.
Begin MonoManager ReloadAssembly
Native extension for WindowsStandalone target not found
Native extension for WebGL target not found
Refreshing native plugins compatible for Editor in 0.27 ms, found 0 plugins.
Preloading 0 native plugins for Editor in 0.00 ms.
Mono: successfully reloaded assembly
- Completed reload, in  0.937 seconds
Platform modules already initialized, skipping
Refreshing native plugins compatible for Editor in 0.28 ms, found 0 plugins.
Preloading 0 native plugins for Editor in 0.00 ms.
Unloading 1277 Unused Serialized files (Serialized files now loaded: 0)
System memory in use before: 86.5 MB.
System memory in use after: 86.6 MB.

Unloading 6 unused Assets to reduce memory usage. Loaded Objects now: 1788.
Total: 2.532000 ms (FindLiveObjects: 0.298600 ms CreateObjectMapping: 0.071700 ms MarkObjects: 2.084600 ms  DeleteObjects: 0.074100 ms)

AssetImportParameters requested are different than current active one (requested -> active):
  requireTextureImportCompression: false -> true
========================================================================
Received Import Request.
  Time since last request: 6123.380940 seconds.
  path: Assets/FBX/theseus.fbx
  artifactKey: Guid(17f34147e1bc9494dad224a928aa0e21) Importer(815301076,1909f56bfc062723c751e8b465ee728b)
Start importing Assets/FBX/theseus.fbx using Guid(17f34147e1bc9494dad224a928aa0e21) Importer(815301076,1909f56bfc062723c751e8b465ee728b)  -> (artifact id: 'a4d5d5175849b122158d80a6d8d77d6e') in 0.528156 seconds
  Import took 0.532329 seconds .

========================================================================
Received Import Request.
  Time since last request: 84.021625 seconds.
  path: Assets/FBX/theseus.fbx
  artifactKey: Guid(17f34147e1bc9494dad224a928aa0e21) Importer(815301076,1909f56bfc062723c751e8b465ee728b)
Start importing Assets/FBX/theseus.fbx using Guid(17f34147e1bc9494dad224a928aa0e21) Importer(815301076,1909f56bfc062723c751e8b465ee728b)  -> (artifact id: 'c0fc281b013369b6e1088559558644bf') in 0.077383 seconds
  Import took 0.081699 seconds .

========================================================================
Received Prepare
Registering precompiled user dll's ...
Registered in 0.000923 seconds.
Begin MonoManager ReloadAssembly
Native extension for WindowsStandalone target not found
Native extension for WebGL target not found
Refreshing native plugins compatible for Editor in 0.32 ms, found 0 plugins.
Preloading 0 native plugins for Editor in 0.00 ms.
Mono: successfully reloaded assembly
- Completed reload, in  1.027 seconds
Platform modules already initialized, skipping
Refreshing native plugins compatible for Editor in 0.41 ms, found 0 plugins.
Preloading 0 native plugins for Editor in 0.00 ms.
Unloading 1277 Unused Serialized files (Serialized files now loaded: 0)
System memory in use before: 86.9 MB.
System memory in use after: 87.0 MB.

Unloading 6 unused Assets to reduce memory usage. Loaded Objects now: 1828.
Total: 3.841100 ms (FindLiveObjects: 0.454900 ms CreateObjectMapping: 0.162400 ms MarkObjects: 3.136800 ms  DeleteObjects: 0.085000 ms)

AssetImportParameters requested are different than current active one (requested -> active):
  requireTextureImportCompression: false -> true
AssetImportWorkerClient::OnTransportError - code=2 error=End of file
